[2021-12-27 09:22:28,779]-[box.py]-[INFO]:[test_user_fail_4_断言通过，测试通过的结果已写入excel]
[2021-12-27 09:22:31,411]-[box.py]-[INFO]:[test_user_fail_5_断言通过，测试通过的结果已写入excel]
[2021-12-27 09:22:34,083]-[box.py]-[INFO]:[\results\logs\test_user_fail_6_断言未通过，截图已保存]
[2021-12-27 09:22:34,121]-[box.py]-[INFO]:[\results\logs\test_user_fail_6_断言未通过，测试未通过的结果已写入excel]
[2021-12-27 09:22:36,913]-[box.py]-[INFO]:[\results\logs\test_user_success_1_断言通过，测试通过的结果已写入excel]
[2021-12-27 09:22:40,444]-[box.py]-[INFO]:[\results\logs\test_user_success_2_断言通过，测试通过的结果已写入excel]
[2021-12-27 09:23:03,517]-[box.py]-[INFO]:[test_user_success_3_断言未通过，截图已保存]
[2021-12-27 09:23:03,572]-[box.py]-[INFO]:[\results\logs\test_user_success_3_断言未通过，测试未通过的结果已写入excel]
[2021-12-27 09:56:32,604]-[box.py]-[INFO]:[test_user_fail_4_断言通过，测试通过的结果已写入excel]
[2021-12-27 09:56:35,109]-[box.py]-[INFO]:[test_user_fail_5_断言通过，测试通过的结果已写入excel]
[2021-12-27 09:56:37,700]-[box.py]-[INFO]:[..\results\logs\test_user_fail_6_断言未通过，截图已保存]
[2021-12-27 09:56:37,738]-[box.py]-[INFO]:[..\results\logs\test_user_fail_6_断言未通过，测试未通过的结果已写入excel]
[2021-12-27 09:56:40,417]-[box.py]-[INFO]:[..\results\logs\test_user_success_1_断言通过，测试通过的结果已写入excel]
[2021-12-27 09:56:43,501]-[box.py]-[INFO]:[..\results\logs\test_user_success_2_断言通过，测试通过的结果已写入excel]
[2021-12-27 09:57:06,703]-[box.py]-[INFO]:[test_user_success_3_断言未通过，截图已保存]
[2021-12-27 09:57:06,739]-[box.py]-[INFO]:[..\results\logs\test_user_success_3_断言未通过，测试未通过的结果已写入excel]
[2021-12-27 10:41:29,299]-[box.py]-[INFO]:[test_user_fail_4_断言通过，测试通过的结果已写入excel]
[2021-12-27 10:41:31,839]-[box.py]-[INFO]:[test_user_fail_5_断言通过，测试通过的结果已写入excel]
[2021-12-27 10:41:34,634]-[box.py]-[INFO]:[..\results\logs\test_user_fail_6_断言未通过，截图已保存]
[2021-12-27 10:41:34,673]-[box.py]-[INFO]:[..\results\logs\test_user_fail_6_断言未通过，测试未通过的结果已写入excel]
[2021-12-27 10:41:37,367]-[box.py]-[INFO]:[..\results\logs\test_user_success_1_断言通过，测试通过的结果已写入excel]
[2021-12-27 10:41:40,408]-[box.py]-[INFO]:[..\results\logs\test_user_success_2_断言通过，测试通过的结果已写入excel]
[2021-12-27 10:42:03,460]-[box.py]-[INFO]:[test_user_success_3_断言未通过，截图已保存]
[2021-12-27 10:42:03,494]-[box.py]-[INFO]:[..\results\logs\test_user_success_3_断言未通过，测试未通过的结果已写入excel]
[2021-12-27 10:43:56,800]-[box.py]-[INFO]:[test_user_fail_4_断言通过，测试通过的结果已写入excel]
[2021-12-27 10:43:59,439]-[box.py]-[INFO]:[test_user_fail_5_断言通过，测试通过的结果已写入excel]
[2021-12-27 10:44:02,121]-[box.py]-[INFO]:[..\results\logs\test_user_fail_6_断言未通过，截图已保存]
[2021-12-27 10:44:02,172]-[box.py]-[INFO]:[..\results\logs\test_user_fail_6_断言未通过，测试未通过的结果已写入excel]
[2021-12-27 10:44:04,932]-[box.py]-[INFO]:[..\results\logs\test_user_success_1_断言通过，测试通过的结果已写入excel]
[2021-12-27 10:44:08,112]-[box.py]-[INFO]:[..\results\logs\test_user_success_2_断言通过，测试通过的结果已写入excel]
[2021-12-27 10:44:31,240]-[box.py]-[INFO]:[test_user_success_3_断言未通过，截图已保存]
[2021-12-27 10:44:31,279]-[box.py]-[INFO]:[..\results\logs\test_user_success_3_断言未通过，测试未通过的结果已写入excel]
[2021-12-27 10:45:57,921]-[box.py]-[INFO]:[test_user_fail_4_断言通过，测试通过的结果已写入excel]
[2021-12-27 10:46:00,501]-[box.py]-[INFO]:[test_user_fail_5_断言通过，测试通过的结果已写入excel]
[2021-12-27 10:46:03,148]-[box.py]-[INFO]:[..\results\logs\test_user_fail_6_断言未通过，截图已保存]
[2021-12-27 10:46:03,194]-[box.py]-[INFO]:[..\results\logs\test_user_fail_6_断言未通过，测试未通过的结果已写入excel]
[2021-12-27 10:46:05,971]-[box.py]-[INFO]:[..\results\logs\test_user_success_1_断言通过，测试通过的结果已写入excel]
[2021-12-27 10:46:09,052]-[box.py]-[INFO]:[..\results\logs\test_user_success_2_断言通过，测试通过的结果已写入excel]
[2021-12-27 10:46:32,036]-[box.py]-[INFO]:[test_user_success_3_断言未通过，截图已保存]
[2021-12-27 10:46:32,071]-[box.py]-[INFO]:[..\results\logs\test_user_success_3_断言未通过，测试未通过的结果已写入excel]
[2021-12-27 10:50:55,693]-[box.py]-[INFO]:[test_user_fail_4_断言通过，测试通过的结果已写入excel]
[2021-12-27 10:50:58,254]-[box.py]-[INFO]:[test_user_fail_5_断言通过，测试通过的结果已写入excel]
[2021-12-27 10:51:00,893]-[box.py]-[INFO]:[..\results\logs\test_user_fail_6_断言未通过，截图已保存]
[2021-12-27 10:51:00,933]-[box.py]-[INFO]:[..\results\logs\test_user_fail_6_断言未通过，测试未通过的结果已写入excel]
[2021-12-27 10:51:03,691]-[box.py]-[INFO]:[..\results\logs\test_user_success_1_断言通过，测试通过的结果已写入excel]
[2021-12-27 10:51:06,808]-[box.py]-[INFO]:[..\results\logs\test_user_success_2_断言通过，测试通过的结果已写入excel]
[2021-12-27 10:51:29,962]-[box.py]-[INFO]:[test_user_success_3_断言未通过，截图已保存]
[2021-12-27 10:51:29,997]-[box.py]-[INFO]:[..\results\logs\test_user_success_3_断言未通过，测试未通过的结果已写入excel]
[2021-12-27 10:53:57,418]-[box.py]-[INFO]:[test_user_fail_4_断言通过，测试通过的结果已写入excel]
[2021-12-27 10:53:59,971]-[box.py]-[INFO]:[test_user_fail_5_断言通过，测试通过的结果已写入excel]
[2021-12-27 10:54:02,644]-[box.py]-[INFO]:[..\results\logs\test_user_fail_6_断言未通过，截图已保存]
[2021-12-27 10:54:02,688]-[box.py]-[INFO]:[..\results\logs\test_user_fail_6_断言未通过，测试未通过的结果已写入excel]
[2021-12-27 10:54:05,486]-[box.py]-[INFO]:[..\results\logs\test_user_success_1_断言通过，测试通过的结果已写入excel]
[2021-12-27 10:54:08,606]-[box.py]-[INFO]:[..\results\logs\test_user_success_2_断言通过，测试通过的结果已写入excel]
[2021-12-27 10:54:31,773]-[box.py]-[INFO]:[test_user_success_3_断言未通过，截图已保存]
[2021-12-27 10:54:31,809]-[box.py]-[INFO]:[..\results\logs\test_user_success_3_断言未通过，测试未通过的结果已写入excel]
[2021-12-27 10:56:27,253]-[box.py]-[INFO]:[test_user_fail_4_断言通过，测试通过的结果已写入excel]
[2021-12-27 10:56:29,806]-[box.py]-[INFO]:[test_user_fail_5_断言通过，测试通过的结果已写入excel]
[2021-12-27 10:56:32,673]-[box.py]-[INFO]:[..\results\logs\test_user_fail_6_断言未通过，截图已保存]
[2021-12-27 10:56:32,715]-[box.py]-[INFO]:[..\results\logs\test_user_fail_6_断言未通过，测试未通过的结果已写入excel]
[2021-12-27 10:56:35,497]-[box.py]-[INFO]:[..\results\logs\test_user_success_1_断言通过，测试通过的结果已写入excel]
[2021-12-27 10:56:38,610]-[box.py]-[INFO]:[..\results\logs\test_user_success_2_断言通过，测试通过的结果已写入excel]
[2021-12-27 10:57:01,792]-[box.py]-[INFO]:[test_user_success_3_断言未通过，截图已保存]
[2021-12-27 10:57:01,827]-[box.py]-[INFO]:[..\results\logs\test_user_success_3_断言未通过，测试未通过的结果已写入excel]
[2021-12-27 11:53:32,372]-[box.py]-[INFO]:[test_user_fail_4_断言通过，测试通过的结果已写入excel]
[2021-12-27 11:53:35,019]-[box.py]-[INFO]:[test_user_fail_5_断言通过，测试通过的结果已写入excel]
[2021-12-27 11:53:37,676]-[box.py]-[INFO]:[results\logs\test_user_fail_6_断言未通过，截图已保存]
[2021-12-27 11:53:37,715]-[box.py]-[INFO]:[results\logs\test_user_fail_6_断言未通过，测试未通过的结果已写入excel]
[2021-12-27 11:53:40,441]-[box.py]-[INFO]:[results\logs\test_user_success_1_断言通过，测试通过的结果已写入excel]
[2021-12-27 11:53:43,591]-[box.py]-[INFO]:[results\logs\test_user_success_2_断言通过，测试通过的结果已写入excel]
[2021-12-27 11:54:06,721]-[box.py]-[INFO]:[test_user_success_3_断言未通过，截图已保存]
[2021-12-27 11:54:06,769]-[box.py]-[INFO]:[results\logs\test_user_success_3_断言未通过，测试未通过的结果已写入excel]
[2021-12-27 14:38:36,108]-[box.py]-[INFO]:[test_user_fail_4_断言通过，测试通过的结果已写入excel]
[2021-12-27 14:38:38,670]-[box.py]-[INFO]:[test_user_fail_5_断言通过，测试通过的结果已写入excel]
[2021-12-27 14:38:41,315]-[box.py]-[INFO]:[results\logs\test_user_fail_6_断言未通过，截图已保存]
[2021-12-27 14:38:41,364]-[box.py]-[INFO]:[results\logs\test_user_fail_6_断言未通过，测试未通过的结果已写入excel]
[2021-12-27 14:38:44,093]-[box.py]-[INFO]:[results\logs\test_user_success_1_断言通过，测试通过的结果已写入excel]
[2021-12-27 14:38:47,203]-[box.py]-[INFO]:[results\logs\test_user_success_2_断言通过，测试通过的结果已写入excel]
[2021-12-27 14:39:10,495]-[box.py]-[INFO]:[test_user_success_3_断言未通过，截图已保存]
[2021-12-27 14:39:10,530]-[box.py]-[INFO]:[results\logs\test_user_success_3_断言未通过，测试未通过的结果已写入excel]
